This is pdfTeX, Version 3.141592653-2.6-1.40.25 (TeX Live 2023) (preloaded format=pdflatex 2023.5.10)  21 JAN 2024 11:03
entering extended mode
 restricted \write18 enabled.
 file:line:error style messages enabled.
 %&-line parsing enabled.
**d:/Universidad/Apuntes/MUSE_1/CE2_2/INFORME/main
(d:/Universidad/Apuntes/MUSE_1/CE2_2/INFORME/main.tex
LaTeX2e <2022-11-01> patch level 1
L3 programming layer <2023-05-05> (c:/texlive/2023/texmf-dist/tex/latex/base/article.cls
Document Class: article 2022/07/02 v1.4n Standard LaTeX document class
(c:/texlive/2023/texmf-dist/tex/latex/base/size10.clo
File: size10.clo 2022/07/02 v1.4n Standard LaTeX file (size option)
)
\c@part=\count185
\c@section=\count186
\c@subsection=\count187
\c@subsubsection=\count188
\c@paragraph=\count189
\c@subparagraph=\count190
\c@figure=\count191
\c@table=\count192
\abovecaptionskip=\skip48
\belowcaptionskip=\skip49
\bibindent=\dimen140
) (c:/texlive/2023/texmf-dist/tex/latex/graphics/graphicx.sty
Package: graphicx 2021/09/16 v1.2d Enhanced LaTeX Graphics (DPC,SPQR)
 (c:/texlive/2023/texmf-dist/tex/latex/graphics/keyval.sty
Package: keyval 2022/05/29 v1.15 key=value parser (DPC)
\KV@toks@=\toks16
) (c:/texlive/2023/texmf-dist/tex/latex/graphics/graphics.sty
Package: graphics 2022/03/10 v1.4e Standard LaTeX Graphics (DPC,SPQR)
 (c:/texlive/2023/texmf-dist/tex/latex/graphics/trig.sty
Package: trig 2021/08/11 v1.11 sin cos tan (DPC)
) (c:/texlive/2023/texmf-dist/tex/latex/graphics-cfg/graphics.cfg
File: graphics.cfg 2016/06/04 v1.11 sample graphics configuration
)
Package graphics Info: Driver file: pdftex.def on input line 107.
 (c:/texlive/2023/texmf-dist/tex/latex/graphics-def/pdftex.def
File: pdftex.def 2022/09/22 v1.2b Graphics/color driver for pdftex
))
\Gin@req@height=\dimen141
\Gin@req@width=\dimen142
) (c:/texlive/2023/texmf-dist/tex/latex/float/float.sty
Package: float 2001/11/08 v1.3d Float enhancements (AL)
\c@float@type=\count193
\float@exts=\toks17
\float@box=\box51
\@float@everytoks=\toks18
\@floatcapt=\box52
) (c:/texlive/2023/texmf-dist/tex/latex/caption/subcaption.sty
Package: subcaption 2023/02/19 v1.6 Sub-captions (AR)
 (c:/texlive/2023/texmf-dist/tex/latex/caption/caption.sty
Package: caption 2023/03/12 v3.6j Customizing captions (AR)
 (c:/texlive/2023/texmf-dist/tex/latex/caption/caption3.sty
Package: caption3 2023/03/12 v2.4 caption3 kernel (AR)
\caption@tempdima=\dimen143
\captionmargin=\dimen144
\caption@leftmargin=\dimen145
\caption@rightmargin=\dimen146
\caption@width=\dimen147
\caption@indent=\dimen148
\caption@parindent=\dimen149
\caption@hangindent=\dimen150
Package caption Info: Standard document class detected.
)
\c@caption@flags=\count194
\c@continuedfloat=\count195
Package caption Info: float package is loaded.
)
Package caption Info: New subtype `subfigure' on input line 239.
\c@subfigure=\count196
Package caption Info: New subtype `subtable' on input line 239.
\c@subtable=\count197
) (c:/texlive/2023/texmf-dist/tex/latex/natbib/natbib.sty
Package: natbib 2010/09/13 8.31b (PWD, AO)
\bibhang=\skip50
\bibsep=\skip51
LaTeX Info: Redefining \cite on input line 694.
\c@NAT@ctr=\count198
) (c:/texlive/2023/texmf-dist/tex/latex/tools/indentfirst.sty
Package: indentfirst 1995/11/23 v1.03 Indent first paragraph (DPC)
) (c:/texlive/2023/texmf-dist/tex/latex/chngcntr/chngcntr.sty
Package: chngcntr 2018/04/09 v1.1a change counter resetting
Package chngcntr Info: \counterwithout already defined.
(chngcntr)             Quitting chngcntr on input line 21.
) (c:/texlive/2023/texmf-dist/tex/latex/geometry/geometry.sty
Package: geometry 2020/01/02 v5.9 Page Geometry
 (c:/texlive/2023/texmf-dist/tex/generic/iftex/ifvtex.sty
Package: ifvtex 2019/10/25 v1.7 ifvtex legacy package. Use iftex instead.
 (c:/texlive/2023/texmf-dist/tex/generic/iftex/iftex.sty
Package: iftex 2022/02/03 v1.0f TeX engine tests
))
\Gm@cnth=\count199
\Gm@cntv=\count266
\c@Gm@tempcnt=\count267
\Gm@bindingoffset=\dimen151
\Gm@wd@mp=\dimen152
\Gm@odd@mp=\dimen153
\Gm@even@mp=\dimen154
\Gm@layoutwidth=\dimen155
\Gm@layoutheight=\dimen156
\Gm@layouthoffset=\dimen157
\Gm@layoutvoffset=\dimen158
\Gm@dimlist=\toks19
) (c:/texlive/2023/texmf-dist/tex/latex/fancyhdr/fancyhdr.sty
Package: fancyhdr 2022/11/09 v4.1 Extensive control of page headers and footers
\f@nch@headwidth=\skip52
\f@nch@O@elh=\skip53
\f@nch@O@erh=\skip54
\f@nch@O@olh=\skip55
\f@nch@O@orh=\skip56
\f@nch@O@elf=\skip57
\f@nch@O@erf=\skip58
\f@nch@O@olf=\skip59
\f@nch@O@orf=\skip60
) (c:/texlive/2023/texmf-dist/tex/latex/hyperref/hyperref.sty
Package: hyperref 2023-04-22 v7.00x Hypertext links for LaTeX
 (c:/texlive/2023/texmf-dist/tex/generic/ltxcmds/ltxcmds.sty
Package: ltxcmds 2020-05-10 v1.25 LaTeX kernel commands for general use (HO)
) (c:/texlive/2023/texmf-dist/tex/generic/pdftexcmds/pdftexcmds.sty
Package: pdftexcmds 2020-06-27 v0.33 Utility functions of pdfTeX for LuaTeX (HO)
 (c:/texlive/2023/texmf-dist/tex/generic/infwarerr/infwarerr.sty
Package: infwarerr 2019/12/03 v1.5 Providing info/warning/error messages (HO)
)
Package pdftexcmds Info: \pdf@primitive is available.
Package pdftexcmds Info: \pdf@ifprimitive is available.
Package pdftexcmds Info: \pdfdraftmode found.
) (c:/texlive/2023/texmf-dist/tex/latex/kvsetkeys/kvsetkeys.sty
Package: kvsetkeys 2022-10-05 v1.19 Key value parser (HO)
) (c:/texlive/2023/texmf-dist/tex/generic/kvdefinekeys/kvdefinekeys.sty
Package: kvdefinekeys 2019-12-19 v1.6 Define keys (HO)
) (c:/texlive/2023/texmf-dist/tex/generic/pdfescape/pdfescape.sty
Package: pdfescape 2019/12/09 v1.15 Implements pdfTeX's escape features (HO)
) (c:/texlive/2023/texmf-dist/tex/latex/hycolor/hycolor.sty
Package: hycolor 2020-01-27 v1.10 Color options for hyperref/bookmark (HO)
) (c:/texlive/2023/texmf-dist/tex/latex/letltxmacro/letltxmacro.sty
Package: letltxmacro 2019/12/03 v1.6 Let assignment for LaTeX macros (HO)
) (c:/texlive/2023/texmf-dist/tex/latex/auxhook/auxhook.sty
Package: auxhook 2019-12-17 v1.6 Hooks for auxiliary files (HO)
) (c:/texlive/2023/texmf-dist/tex/latex/hyperref/nameref.sty
Package: nameref 2022-05-17 v2.50 Cross-referencing by name of section
 (c:/texlive/2023/texmf-dist/tex/latex/refcount/refcount.sty
Package: refcount 2019/12/15 v3.6 Data extraction from label references (HO)
) (c:/texlive/2023/texmf-dist/tex/generic/gettitlestring/gettitlestring.sty
Package: gettitlestring 2019/12/15 v1.6 Cleanup title references (HO)
 (c:/texlive/2023/texmf-dist/tex/latex/kvoptions/kvoptions.sty
Package: kvoptions 2022-06-15 v3.15 Key value format for package options (HO)
))
\c@section@level=\count268
) (c:/texlive/2023/texmf-dist/tex/latex/etoolbox/etoolbox.sty
Package: etoolbox 2020/10/05 v2.5k e-TeX tools for LaTeX (JAW)
\etb@tempcnta=\count269
)
\@linkdim=\dimen159
\Hy@linkcounter=\count270
\Hy@pagecounter=\count271
 (c:/texlive/2023/texmf-dist/tex/latex/hyperref/pd1enc.def
File: pd1enc.def 2023-04-22 v7.00x Hyperref: PDFDocEncoding definition (HO)
Now handling font encoding PD1 ...
... no UTF-8 mapping file for font encoding PD1
) (c:/texlive/2023/texmf-dist/tex/generic/intcalc/intcalc.sty
Package: intcalc 2019/12/15 v1.3 Expandable calculations with integers (HO)
)
\Hy@SavedSpaceFactor=\count272
 (c:/texlive/2023/texmf-dist/tex/latex/hyperref/puenc.def
File: puenc.def 2023-04-22 v7.00x Hyperref: PDF Unicode definition (HO)
Now handling font encoding PU ...
... no UTF-8 mapping file for font encoding PU
)
Package hyperref Info: Hyper figures OFF on input line 4182.
Package hyperref Info: Link nesting OFF on input line 4187.
Package hyperref Info: Hyper index ON on input line 4190.
Package hyperref Info: Plain pages OFF on input line 4197.
Package hyperref Info: Backreferencing OFF on input line 4202.
Package hyperref Info: Implicit mode ON; LaTeX internals redefined.
Package hyperref Info: Bookmarks ON on input line 4449.
\c@Hy@tempcnt=\count273
 (c:/texlive/2023/texmf-dist/tex/latex/url/url.sty
\Urlmuskip=\muskip16
Package: url 2013/09/16  ver 3.4  Verb mode for urls, etc.
)
LaTeX Info: Redefining \url on input line 4787.
\XeTeXLinkMargin=\dimen160
 (c:/texlive/2023/texmf-dist/tex/generic/bitset/bitset.sty
Package: bitset 2019/12/09 v1.3 Handle bit-vector datatype (HO)
 (c:/texlive/2023/texmf-dist/tex/generic/bigintcalc/bigintcalc.sty
Package: bigintcalc 2019/12/15 v1.5 Expandable calculations on big integers (HO)
))
\Fld@menulength=\count274
\Field@Width=\dimen161
\Fld@charsize=\dimen162
Package hyperref Info: Hyper figures OFF on input line 6066.
Package hyperref Info: Link nesting OFF on input line 6071.
Package hyperref Info: Hyper index ON on input line 6074.
Package hyperref Info: backreferencing OFF on input line 6081.
Package hyperref Info: Link coloring OFF on input line 6086.
Package hyperref Info: Link coloring with OCG OFF on input line 6091.
Package hyperref Info: PDF/A mode OFF on input line 6096.
 (c:/texlive/2023/texmf-dist/tex/latex/base/atbegshi-ltx.sty
Package: atbegshi-ltx 2021/01/10 v1.0c Emulation of the original atbegshi
package with kernel methods
)
\Hy@abspage=\count275
\c@Item=\count276
\c@Hfootnote=\count277
)
Package hyperref Info: Driver (autodetected): hpdftex.
 (c:/texlive/2023/texmf-dist/tex/latex/hyperref/hpdftex.def
File: hpdftex.def 2023-04-22 v7.00x Hyperref driver for pdfTeX
 (c:/texlive/2023/texmf-dist/tex/latex/base/atveryend-ltx.sty
Package: atveryend-ltx 2020/08/19 v1.0a Emulation of the original atveryend package
with kernel methods
)
\Fld@listcount=\count278
\c@bookmark@seq@number=\count279
 (c:/texlive/2023/texmf-dist/tex/latex/rerunfilecheck/rerunfilecheck.sty
Package: rerunfilecheck 2022-07-10 v1.10 Rerun checks for auxiliary files (HO)
 (c:/texlive/2023/texmf-dist/tex/generic/uniquecounter/uniquecounter.sty
Package: uniquecounter 2019/12/15 v1.4 Provide unlimited unique counter (HO)
)
Package uniquecounter Info: New unique counter `rerunfilecheck' on input line 285.
)
\Hy@SectionHShift=\skip61
) (c:/texlive/2023/texmf-dist/tex/latex/jknapltx/mathrsfs.sty
Package: mathrsfs 1996/01/01 Math RSFS package v1.0 (jk)
\symrsfs=\mathgroup4
) (c:/texlive/2023/texmf-dist/tex/latex/appendix/appendix.sty
Package: appendix 2020/02/08 v1.2c extra appendix facilities
\c@@pps=\count280
\c@@ppsavesec=\count281
\c@@ppsaveapp=\count282
) (c:/texlive/2023/texmf-dist/tex/latex/csquotes/csquotes.sty
Package: csquotes 2022-09-14 v5.2n context-sensitive quotations (JAW)
\csq@reset=\count283
\csq@gtype=\count284
\csq@glevel=\count285
\csq@qlevel=\count286
\csq@maxlvl=\count287
\csq@tshold=\count288
\csq@ltx@everypar=\toks20
 (c:/texlive/2023/texmf-dist/tex/latex/csquotes/csquotes.def
File: csquotes.def 2022-09-14 v5.2n csquotes generic definitions (JAW)
)
Package csquotes Info: Trying to load configuration file 'csquotes.cfg'...
Package csquotes Info: ... configuration file loaded successfully.
 (c:/texlive/2023/texmf-dist/tex/latex/csquotes/csquotes.cfg
File: csquotes.cfg 
)) (c:/texlive/2023/texmf-dist/tex/latex/multirow/multirow.sty
Package: multirow 2021/03/15 v2.8 Span multiple rows of a table
\multirow@colwidth=\skip62
\multirow@cntb=\count289
\multirow@dima=\skip63
\bigstrutjot=\dimen163
) (c:/texlive/2023/texmf-dist/tex/latex/tools/longtable.sty
Package: longtable 2021-09-01 v4.17 Multi-page Table package (DPC)
\LTleft=\skip64
\LTright=\skip65
\LTpre=\skip66
\LTpost=\skip67
\LTchunksize=\count290
\LTcapwidth=\dimen164
\LT@head=\box53
\LT@firsthead=\box54
\LT@foot=\box55
\LT@lastfoot=\box56
\LT@gbox=\box57
\LT@cols=\count291
\LT@rows=\count292
\c@LT@tables=\count293
\c@LT@chunks=\count294
\LT@p@ftn=\toks21
) (c:/texlive/2023/texmf-dist/tex/latex/booktabs/booktabs.sty
Package: booktabs 2020/01/12 v1.61803398 Publication quality tables
\heavyrulewidth=\dimen165
\lightrulewidth=\dimen166
\cmidrulewidth=\dimen167
\belowrulesep=\dimen168
\belowbottomsep=\dimen169
\aboverulesep=\dimen170
\abovetopsep=\dimen171
\cmidrulesep=\dimen172
\cmidrulekern=\dimen173
\defaultaddspace=\dimen174
\@cmidla=\count295
\@cmidlb=\count296
\@aboverulesep=\dimen175
\@belowrulesep=\dimen176
\@thisruleclass=\count297
\@lastruleclass=\count298
\@thisrulewidth=\dimen177
) (c:/texlive/2023/texmf-dist/tex/latex/vcell/vcell.sty
Package: vcell 2021/04/30 v1.0.2
\rowheight=\dimen178
\rowht=\dimen179
\rowdp=\dimen180
\@cellcount=\count299
\@cellusecount=\count300
\@celltemp=\box58
) (c:/texlive/2023/texmf-dist/tex/latex/tools/array.sty
Package: array 2022/09/04 v2.5g Tabular extension package (FMi)
\col@sep=\dimen181
\ar@mcellbox=\box59
\extrarowheight=\dimen182
\NC@list=\toks22
\extratabsurround=\skip68
\backup@length=\skip69
\ar@cellbox=\box60
) (c:/texlive/2023/texmf-dist/tex/latex/graphics/epsfig.sty
Package: epsfig 2017/06/25 v1.7b (e)psfig emulation (SPQR)
\epsfxsize=\dimen183
\epsfysize=\dimen184
) (c:/texlive/2023/texmf-dist/tex/latex/pdfpages/pdfpages.sty
Package: pdfpages 2022/12/19 v0.5x Insert pages of external PDF documents (AM)
 (c:/texlive/2023/texmf-dist/tex/latex/base/ifthen.sty
Package: ifthen 2022/04/13 v1.1d Standard LaTeX ifthen package (DPC)
) (c:/texlive/2023/texmf-dist/tex/latex/tools/calc.sty
Package: calc 2017/05/25 v4.3 Infix arithmetic (KKT,FJ)
\calc@Acount=\count301
\calc@Bcount=\count302
\calc@Adimen=\dimen185
\calc@Bdimen=\dimen186
\calc@Askip=\skip70
\calc@Bskip=\skip71
LaTeX Info: Redefining \setlength on input line 80.
LaTeX Info: Redefining \addtolength on input line 81.
\calc@Ccount=\count303
\calc@Cskip=\skip72
) (c:/texlive/2023/texmf-dist/tex/latex/eso-pic/eso-pic.sty
Package: eso-pic 2023/05/03 v3.0c eso-pic (RN)
\ESO@tempdima=\dimen187
\ESO@tempdimb=\dimen188
 (c:/texlive/2023/texmf-dist/tex/latex/xcolor/xcolor.sty
Package: xcolor 2022/06/12 v2.14 LaTeX color extensions (UK)
 (c:/texlive/2023/texmf-dist/tex/latex/graphics-cfg/color.cfg
File: color.cfg 2016/01/02 v1.6 sample color configuration
)
Package xcolor Info: Driver file: pdftex.def on input line 227.
 (c:/texlive/2023/texmf-dist/tex/latex/graphics/mathcolor.ltx)
Package xcolor Info: Model `cmy' substituted by `cmy0' on input line 1353.
Package xcolor Info: Model `hsb' substituted by `rgb' on input line 1357.
Package xcolor Info: Model `RGB' extended on input line 1369.
Package xcolor Info: Model `HTML' substituted by `rgb' on input line 1371.
Package xcolor Info: Model `Hsb' substituted by `hsb' on input line 1372.
Package xcolor Info: Model `tHsb' substituted by `hsb' on input line 1373.
Package xcolor Info: Model `HSB' substituted by `hsb' on input line 1374.
Package xcolor Info: Model `Gray' substituted by `gray' on input line 1375.
Package xcolor Info: Model `wave' substituted by `hsb' on input line 1376.
))
\AM@pagewidth=\dimen189
\AM@pageheight=\dimen190
\AM@fboxrule=\dimen191
 (c:/texlive/2023/texmf-dist/tex/latex/pdfpages/pppdftex.def
File: pppdftex.def 2022/12/19 v0.5x Pdfpages driver for pdfTeX (AM)
)
\pdfpages@includegraphics@status=\count304
\AM@pagebox=\box61
\AM@global@opts=\toks23
\AM@pagecnt=\count305
\AM@toc@title=\toks24
\AM@lof@heading=\toks25
\c@AM@survey=\count306
\AM@templatesizebox=\box62
) (c:/texlive/2023/texmf-dist/tex/latex/amsfonts/amssymb.sty
Package: amssymb 2013/01/14 v3.01 AMS font symbols
 (c:/texlive/2023/texmf-dist/tex/latex/amsfonts/amsfonts.sty
Package: amsfonts 2013/01/14 v3.01 Basic AMSFonts support
\@emptytoks=\toks26
\symAMSa=\mathgroup5
\symAMSb=\mathgroup6
LaTeX Font Info:    Redeclaring math symbol \hbar on input line 98.
LaTeX Font Info:    Overwriting math alphabet `\mathfrak' in version `bold'
(Font)                  U/euf/m/n --> U/euf/b/n on input line 106.
)) (c:/texlive/2023/texmf-dist/tex/latex/pmboxdraw/pmboxdraw.sty
Package: pmboxdraw 2019/12/05 v1.4 Poor man's box drawing characters (HO)
Now handling font encoding pmboxdraw ...
... processing UTF-8 mapping file for font encoding pmboxdraw
 (c:/texlive/2023/texmf-dist/tex/latex/pmboxdraw/pmboxdrawenc.dfu
File: pmboxdrawenc.dfu 2019/12/05 v1.4 UTF-8 support for box drawing characters
   defining Unicode char U+2500 (decimal 9472)
   defining Unicode char U+2501 (decimal 9473)
   defining Unicode char U+2502 (decimal 9474)
   defining Unicode char U+2503 (decimal 9475)
   defining Unicode char U+250C (decimal 9484)
   defining Unicode char U+250D (decimal 9485)
   defining Unicode char U+250E (decimal 9486)
   defining Unicode char U+250F (decimal 9487)
   defining Unicode char U+2510 (decimal 9488)
   defining Unicode char U+2511 (decimal 9489)
   defining Unicode char U+2512 (decimal 9490)
   defining Unicode char U+2513 (decimal 9491)
   defining Unicode char U+2514 (decimal 9492)
   defining Unicode char U+2515 (decimal 9493)
   defining Unicode char U+2516 (decimal 9494)
   defining Unicode char U+2517 (decimal 9495)
   defining Unicode char U+2518 (decimal 9496)
   defining Unicode char U+2519 (decimal 9497)
   defining Unicode char U+251A (decimal 9498)
   defining Unicode char U+251B (decimal 9499)
   defining Unicode char U+251C (decimal 9500)
   defining Unicode char U+251D (decimal 9501)
   defining Unicode char U+251E (decimal 9502)
   defining Unicode char U+251F (decimal 9503)
   defining Unicode char U+2520 (decimal 9504)
   defining Unicode char U+2521 (decimal 9505)
   defining Unicode char U+2522 (decimal 9506)
   defining Unicode char U+2523 (decimal 9507)
   defining Unicode char U+2524 (decimal 9508)
   defining Unicode char U+252C (decimal 9516)
   defining Unicode char U+252D (decimal 9517)
   defining Unicode char U+252E (decimal 9518)
   defining Unicode char U+252F (decimal 9519)
   defining Unicode char U+2530 (decimal 9520)
   defining Unicode char U+2531 (decimal 9521)
   defining Unicode char U+2532 (decimal 9522)
   defining Unicode char U+2533 (decimal 9523)
   defining Unicode char U+2534 (decimal 9524)
   defining Unicode char U+2535 (decimal 9525)
   defining Unicode char U+2536 (decimal 9526)
   defining Unicode char U+2537 (decimal 9527)
   defining Unicode char U+2538 (decimal 9528)
   defining Unicode char U+2539 (decimal 9529)
   defining Unicode char U+253A (decimal 9530)
   defining Unicode char U+253B (decimal 9531)
   defining Unicode char U+253C (decimal 9532)
   defining Unicode char U+253D (decimal 9533)
   defining Unicode char U+253E (decimal 9534)
   defining Unicode char U+253F (decimal 9535)
   defining Unicode char U+2540 (decimal 9536)
   defining Unicode char U+2541 (decimal 9537)
   defining Unicode char U+2542 (decimal 9538)
   defining Unicode char U+2543 (decimal 9539)
   defining Unicode char U+2544 (decimal 9540)
   defining Unicode char U+2545 (decimal 9541)
   defining Unicode char U+2546 (decimal 9542)
   defining Unicode char U+2547 (decimal 9543)
   defining Unicode char U+2548 (decimal 9544)
   defining Unicode char U+2549 (decimal 9545)
   defining Unicode char U+254A (decimal 9546)
   defining Unicode char U+254B (decimal 9547)
   defining Unicode char U+2550 (decimal 9552)
   defining Unicode char U+2551 (decimal 9553)
   defining Unicode char U+2552 (decimal 9554)
   defining Unicode char U+2553 (decimal 9555)
   defining Unicode char U+2554 (decimal 9556)
   defining Unicode char U+2555 (decimal 9557)
   defining Unicode char U+2556 (decimal 9558)
   defining Unicode char U+2557 (decimal 9559)
   defining Unicode char U+2558 (decimal 9560)
   defining Unicode char U+2559 (decimal 9561)
   defining Unicode char U+255A (decimal 9562)
   defining Unicode char U+255B (decimal 9563)
   defining Unicode char U+255C (decimal 9564)
   defining Unicode char U+255D (decimal 9565)
   defining Unicode char U+255E (decimal 9566)
   defining Unicode char U+255F (decimal 9567)
   defining Unicode char U+2560 (decimal 9568)
   defining Unicode char U+2561 (decimal 9569)
   defining Unicode char U+2562 (decimal 9570)
   defining Unicode char U+2563 (decimal 9571)
   defining Unicode char U+2564 (decimal 9572)
   defining Unicode char U+2565 (decimal 9573)
   defining Unicode char U+2566 (decimal 9574)
   defining Unicode char U+2567 (decimal 9575)
   defining Unicode char U+2568 (decimal 9576)
   defining Unicode char U+2569 (decimal 9577)
   defining Unicode char U+256A (decimal 9578)
   defining Unicode char U+256B (decimal 9579)
   defining Unicode char U+256C (decimal 9580)
   defining Unicode char U+2574 (decimal 9588)
   defining Unicode char U+2575 (decimal 9589)
   defining Unicode char U+2576 (decimal 9590)
   defining Unicode char U+2577 (decimal 9591)
   defining Unicode char U+2578 (decimal 9592)
   defining Unicode char U+2579 (decimal 9593)
   defining Unicode char U+257A (decimal 9594)
   defining Unicode char U+257B (decimal 9595)
   defining Unicode char U+257C (decimal 9596)
   defining Unicode char U+257D (decimal 9597)
   defining Unicode char U+257E (decimal 9598)
   defining Unicode char U+257F (decimal 9599)
   defining Unicode char U+2580 (decimal 9600)
   defining Unicode char U+2581 (decimal 9601)
   defining Unicode char U+2582 (decimal 9602)
   defining Unicode char U+2583 (decimal 9603)
   defining Unicode char U+2584 (decimal 9604)
   defining Unicode char U+2585 (decimal 9605)
   defining Unicode char U+2586 (decimal 9606)
   defining Unicode char U+2587 (decimal 9607)
   defining Unicode char U+2588 (decimal 9608)
   defining Unicode char U+2589 (decimal 9609)
   defining Unicode char U+258A (decimal 9610)
   defining Unicode char U+258B (decimal 9611)
   defining Unicode char U+258C (decimal 9612)
   defining Unicode char U+258D (decimal 9613)
   defining Unicode char U+258E (decimal 9614)
   defining Unicode char U+258F (decimal 9615)
   defining Unicode char U+2590 (decimal 9616)
   defining Unicode char U+2591 (decimal 9617)
   defining Unicode char U+2592 (decimal 9618)
   defining Unicode char U+2593 (decimal 9619)
   defining Unicode char U+2594 (decimal 9620)
   defining Unicode char U+2595 (decimal 9621)
   defining Unicode char U+2596 (decimal 9622)
   defining Unicode char U+2597 (decimal 9623)
   defining Unicode char U+2598 (decimal 9624)
   defining Unicode char U+2599 (decimal 9625)
   defining Unicode char U+259A (decimal 9626)
   defining Unicode char U+259B (decimal 9627)
   defining Unicode char U+259C (decimal 9628)
   defining Unicode char U+259D (decimal 9629)
   defining Unicode char U+259E (decimal 9630)
   defining Unicode char U+259F (decimal 9631)
)
\pmbd@W=\dimen192
\pmbd@H=\dimen193
\pmbd@L=\dimen194
\pmbd@Thin=\dimen195
\pmbd@Thick=\dimen196
\pmbd@Sep=\dimen197
) (c:/texlive/2023/texmf-dist/tex/latex/base/alltt.sty
Package: alltt 2021/01/29 v2.0g defines alltt environment
) (c:/texlive/2023/texmf-dist/tex/latex/listings/listings.sty
\lst@mode=\count307
\lst@gtempboxa=\box63
\lst@token=\toks27
\lst@length=\count308
\lst@currlwidth=\dimen198
\lst@column=\count309
\lst@pos=\count310
\lst@lostspace=\dimen199
\lst@width=\dimen256
\lst@newlines=\count311
\lst@lineno=\count312
\lst@maxwidth=\dimen257
 (c:/texlive/2023/texmf-dist/tex/latex/listings/lstmisc.sty
File: lstmisc.sty 2023/02/27 1.9 (Carsten Heinz)
\c@lstnumber=\count313
\lst@skipnumbers=\count314
\lst@framebox=\box64
) (c:/texlive/2023/texmf-dist/tex/latex/listings/listings.cfg
File: listings.cfg 2023/02/27 1.9 listings configuration
))
Package: listings 2023/02/27 1.9 (Carsten Heinz)
 (c:/texlive/2023/texmf-dist/tex/latex/listingsutf8/listingsutf8.sty
Package: listingsutf8 2019-12-10 v1.5 Allow UTF-8 in listings input (HO)
 (c:/texlive/2023/texmf-dist/tex/generic/stringenc/stringenc.sty
Package: stringenc 2019/11/29 v1.12 Convert strings between diff. encodings (HO)
)) (c:/texlive/2023/texmf-dist/tex/latex/svg/svg.sty
Package: svg 2020/11/26 v2.02k (include SVG pictures)
 (c:/texlive/2023/texmf-dist/tex/latex/koma-script/scrbase.sty
Package: scrbase 2023/04/24 v3.40 KOMA-Script package (KOMA-Script-independent basics and keyval usage)
 (c:/texlive/2023/texmf-dist/tex/latex/koma-script/scrlfile.sty
Package: scrlfile 2023/04/24 v3.40 KOMA-Script package (file load hooks)
 (c:/texlive/2023/texmf-dist/tex/latex/koma-script/scrlfile-hook.sty
Package: scrlfile-hook 2023/04/24 v3.40 KOMA-Script package (using LaTeX hooks)
 (c:/texlive/2023/texmf-dist/tex/latex/koma-script/scrlogo.sty
Package: scrlogo 2023/04/24 v3.40 KOMA-Script package (logo)
)))
Applying: [2021/05/01] Usage of raw or classic option list on input line 252.
Already applied: [0000/00/00] Usage of raw or classic option list on input line 368.
) (c:/texlive/2023/texmf-dist/tex/latex/trimspaces/trimspaces.sty
Package: trimspaces 2009/09/17 v1.1 Trim spaces around a token list
) (c:/texlive/2023/texmf-dist/tex/latex/tools/shellesc.sty
Package: shellesc 2019/11/08 v1.0c unified shell escape interface for LaTeX
Package shellesc Info: Restricted shell escape enabled on input line 77.
)
\c@svg@param@lastpage=\count315
\svg@box=\box65
\c@svg@param@currpage=\count316
) (c:/texlive/2023/texmf-dist/tex/latex/transparent/transparent.sty
Package: transparent 2022-10-27 v1.5 Transparency with color stacks
 (c:/texlive/2023/texmf-dist/tex/latex/transparent/transparent-nometadata.sty
Package: transparent-nometadata 2022-10-27 v1.5 Transparency via pdfTeX's color stack (HO)
)) (c:/texlive/2023/texmf-dist/tex/latex/pgf/systemlayer/pgfsys.sty (c:/texlive/2023/texmf-dist/tex/latex/pgf/utilities/pgfrcs.sty (c:/texlive/2023/texmf-dist/tex/generic/pgf/utilities/pgfutil-common.tex
\pgfutil@everybye=\toks28
\pgfutil@tempdima=\dimen258
\pgfutil@tempdimb=\dimen259
) (c:/texlive/2023/texmf-dist/tex/generic/pgf/utilities/pgfutil-latex.def
\pgfutil@abb=\box66
) (c:/texlive/2023/texmf-dist/tex/generic/pgf/utilities/pgfrcs.code.tex (c:/texlive/2023/texmf-dist/tex/generic/pgf/pgf.revision.tex)
Package: pgfrcs 2023-01-15 v3.1.10 (3.1.10)
)) (c:/texlive/2023/texmf-dist/tex/generic/pgf/systemlayer/pgfsys.code.tex
Package: pgfsys 2023-01-15 v3.1.10 (3.1.10)
 (c:/texlive/2023/texmf-dist/tex/generic/pgf/utilities/pgfkeys.code.tex
\pgfkeys@pathtoks=\toks29
\pgfkeys@temptoks=\toks30
 (c:/texlive/2023/texmf-dist/tex/generic/pgf/utilities/pgfkeyslibraryfiltered.code.tex
\pgfkeys@tmptoks=\toks31
))
\pgf@x=\dimen260
\pgf@y=\dimen261
\pgf@xa=\dimen262
\pgf@ya=\dimen263
\pgf@xb=\dimen264
\pgf@yb=\dimen265
\pgf@xc=\dimen266
\pgf@yc=\dimen267
\pgf@xd=\dimen268
\pgf@yd=\dimen269
\w@pgf@writea=\write3
\r@pgf@reada=\read2
\c@pgf@counta=\count317
\c@pgf@countb=\count318
\c@pgf@countc=\count319
\c@pgf@countd=\count320
\t@pgf@toka=\toks32
\t@pgf@tokb=\toks33
\t@pgf@tokc=\toks34
\pgf@sys@id@count=\count321
 (c:/texlive/2023/texmf-dist/tex/generic/pgf/systemlayer/pgf.cfg
File: pgf.cfg 2023-01-15 v3.1.10 (3.1.10)
)
Driver file for pgf: pgfsys-pdftex.def
 (c:/texlive/2023/texmf-dist/tex/generic/pgf/systemlayer/pgfsys-pdftex.def
File: pgfsys-pdftex.def 2023-01-15 v3.1.10 (3.1.10)
 (c:/texlive/2023/texmf-dist/tex/generic/pgf/systemlayer/pgfsys-common-pdf.def
File: pgfsys-common-pdf.def 2023-01-15 v3.1.10 (3.1.10)
))) (c:/texlive/2023/texmf-dist/tex/generic/pgf/systemlayer/pgfsyssoftpath.code.tex
File: pgfsyssoftpath.code.tex 2023-01-15 v3.1.10 (3.1.10)
\pgfsyssoftpath@smallbuffer@items=\count322
\pgfsyssoftpath@bigbuffer@items=\count323
) (c:/texlive/2023/texmf-dist/tex/generic/pgf/systemlayer/pgfsysprotocol.code.tex
File: pgfsysprotocol.code.tex 2023-01-15 v3.1.10 (3.1.10)
)) (c:/texlive/2023/texmf-dist/tex/latex/colortbl/colortbl.sty
Package: colortbl 2022/06/20 v1.0f Color table columns (DPC)
\everycr=\toks35
\minrowclearance=\skip73
\rownum=\count324
) (c:/texlive/2023/texmf-dist/tex/latex/psnfss/pifont.sty
Package: pifont 2020/03/25 PSNFSS-v9.3 Pi font support (SPQR) 
LaTeX Font Info:    Trying to load font information for U+pzd on input line 63.
 (c:/texlive/2023/texmf-dist/tex/latex/psnfss/upzd.fd
File: upzd.fd 2001/06/04 font definitions for U/pzd.
)
LaTeX Font Info:    Trying to load font information for U+psy on input line 64.
 (c:/texlive/2023/texmf-dist/tex/latex/psnfss/upsy.fd
File: upsy.fd 2001/06/04 font definitions for U/psy.
)) (c:/texlive/2023/texmf-dist/tex/latex/gensymb/gensymb.sty
Package: gensymb 2022/10/17 v1.0.2 (KJH)
) (c:/texlive/2023/texmf-dist/tex/latex/dirtytalk/dirtytalk.sty
Package: dirtytalk 2010/11/21 A package making "quoting" easier
\c@dirtytalk@qdepth=\count325
) (c:/texlive/2023/texmf-dist/tex/latex/cancel/cancel.sty
Package: cancel 2013/04/12 v2.2 Cancel math terms
) (c:/texlive/2023/texmf-dist/tex/latex/siunitx/siunitx.sty
Package: siunitx 2023-04-13 v3.2.5 A comprehensive (SI) units package
\l__siunitx_angle_tmp_dim=\dimen270
\l__siunitx_angle_marker_box=\box67
\l__siunitx_angle_unit_box=\box68
\l__siunitx_compound_count_int=\count326
 (c:/texlive/2023/texmf-dist/tex/latex/translations/translations.sty
Package: translations 2022/02/05 v1.12 internationalization of LaTeX2e packages (CN)
)
\l__siunitx_number_exponent_fixed_int=\count327
\l__siunitx_number_min_decimal_int=\count328
\l__siunitx_number_min_integer_int=\count329
\l__siunitx_number_round_precision_int=\count330
\l__siunitx_number_lower_threshold_int=\count331
\l__siunitx_number_upper_threshold_int=\count332
\l__siunitx_number_group_first_int=\count333
\l__siunitx_number_group_size_int=\count334
\l__siunitx_number_group_minimum_int=\count335
 (c:/texlive/2023/texmf-dist/tex/latex/amsmath/amstext.sty
Package: amstext 2021/08/26 v2.01 AMS text
 (c:/texlive/2023/texmf-dist/tex/latex/amsmath/amsgen.sty
File: amsgen.sty 1999/11/30 v2.0 generic functions
\@emptytoks=\toks36
\ex@=\dimen271
))
\l__siunitx_table_tmp_box=\box69
\l__siunitx_table_tmp_dim=\dimen272
\l__siunitx_table_column_width_dim=\dimen273
\l__siunitx_table_integer_box=\box70
\l__siunitx_table_decimal_box=\box71
\l__siunitx_table_uncert_box=\box72
\l__siunitx_table_before_box=\box73
\l__siunitx_table_after_box=\box74
\l__siunitx_table_before_dim=\dimen274
\l__siunitx_table_carry_dim=\dimen275
\l__siunitx_unit_tmp_int=\count336
\l__siunitx_unit_position_int=\count337
\l__siunitx_unit_total_int=\count338
) (c:/texlive/2023/texmf-dist/tex/latex/mathtools/mathtools.sty
Package: mathtools 2022/06/29 v1.29 mathematical typesetting tools
 (c:/texlive/2023/texmf-dist/tex/latex/mathtools/mhsetup.sty
Package: mhsetup 2021/03/18 v1.4 programming setup (MH)
) (c:/texlive/2023/texmf-dist/tex/latex/amsmath/amsmath.sty
Package: amsmath 2022/04/08 v2.17n AMS math features
\@mathmargin=\skip74

For additional information on amsmath, use the `?' option.
(c:/texlive/2023/texmf-dist/tex/latex/amsmath/amsbsy.sty
Package: amsbsy 1999/11/29 v1.2d Bold Symbols
\pmbraise@=\dimen276
) (c:/texlive/2023/texmf-dist/tex/latex/amsmath/amsopn.sty
Package: amsopn 2022/04/08 v2.04 operator names
)
\inf@bad=\count339
LaTeX Info: Redefining \frac on input line 234.
\uproot@=\count340
\leftroot@=\count341
LaTeX Info: Redefining \overline on input line 399.
LaTeX Info: Redefining \colon on input line 410.
\classnum@=\count342
\DOTSCASE@=\count343
LaTeX Info: Redefining \ldots on input line 496.
LaTeX Info: Redefining \dots on input line 499.
LaTeX Info: Redefining \cdots on input line 620.
\Mathstrutbox@=\box75
\strutbox@=\box76
LaTeX Info: Redefining \big on input line 722.
LaTeX Info: Redefining \Big on input line 723.
LaTeX Info: Redefining \bigg on input line 724.
LaTeX Info: Redefining \Bigg on input line 725.
\big@size=\dimen277
LaTeX Font Info:    Redeclaring font encoding OML on input line 743.
LaTeX Font Info:    Redeclaring font encoding OMS on input line 744.
\macc@depth=\count344
LaTeX Info: Redefining \bmod on input line 905.
LaTeX Info: Redefining \pmod on input line 910.
LaTeX Info: Redefining \smash on input line 940.
LaTeX Info: Redefining \relbar on input line 970.
LaTeX Info: Redefining \Relbar on input line 971.
\c@MaxMatrixCols=\count345
\dotsspace@=\muskip17
\c@parentequation=\count346
\dspbrk@lvl=\count347
\tag@help=\toks37
\row@=\count348
\column@=\count349
\maxfields@=\count350
\andhelp@=\toks38
\eqnshift@=\dimen278
\alignsep@=\dimen279
\tagshift@=\dimen280
\tagwidth@=\dimen281
\totwidth@=\dimen282
\lineht@=\dimen283
\@envbody=\toks39
\multlinegap=\skip75
\multlinetaggap=\skip76
\mathdisplay@stack=\toks40
LaTeX Info: Redefining \[ on input line 2953.
LaTeX Info: Redefining \] on input line 2954.
)
\g_MT_multlinerow_int=\count351
\l_MT_multwidth_dim=\dimen284
\origjot=\skip77
\l_MT_shortvdotswithinadjustabove_dim=\dimen285
\l_MT_shortvdotswithinadjustbelow_dim=\dimen286
\l_MT_above_intertext_sep=\dimen287
\l_MT_below_intertext_sep=\dimen288
\l_MT_above_shortintertext_sep=\dimen289
\l_MT_below_shortintertext_sep=\dimen290
\xmathstrut@box=\box77
\xmathstrut@dim=\dimen291
) (c:/texlive/2023/texmf-dist/tex/latex/mathtools/empheq.sty
Package: empheq 2017/03/31 v2.15 Emphasizing equations
\l_EQ_equationtype_int=\count352
\l_EQ_alignmentmode_int=\count353
\l_EQ_totalwidth_dim=\dimen292
\l_EQ_displaywidth_dim=\dimen293
\l_EQ_temp_linewidth_dim=\dimen294
\l_EQ_linewidth_dim=\dimen295
\EmphEqdelimitershortfall=\dimen296
\EmphEqdelimiterfactor=\count354
\g_EQ_toptag_height_dim=\dimen297
\g_EQ_bottomtag_depth_dim=\dimen298
\g_EQ_toprow_height_dim=\dimen299
\g_EQ_bottomrow_depth_dim=\dimen300
\g_EQ_widesttag_dim=\dimen301
\EQ_mathdisplay_box=\box78
\EQ_tag_box=\box79
\g_EQ_temprow_int=\count355
) (c:/texlive/2023/texmf-dist/tex/latex/titlesec/titlesec.sty
Package: titlesec 2021/07/05 v2.14 Sectioning titles
\ttl@box=\box80
\beforetitleunit=\skip78
\aftertitleunit=\skip79
\ttl@plus=\dimen302
\ttl@minus=\dimen303
\ttl@toksa=\toks41
\titlewidth=\dimen304
\titlewidthlast=\dimen305
\titlewidthfirst=\dimen306
)
Package csquotes Info: Checking for multilingual support...
Package csquotes Info: ... none found.
Package translations Info: No language package found. I am going to use `english' as default language. on input line 111.
 (c:/texlive/2023/texmf-dist/tex/latex/l3backend/l3backend-pdftex.def
File: l3backend-pdftex.def 2023-04-19 L3 backend support: PDF output (pdfTeX)
\l__color_backend_stack_int=\count356
\l__pdf_internal_box=\box81
) (./main.aux)
\openout1 = `main.aux'.

LaTeX Font Info:    Checking defaults for OML/cmm/m/it on input line 111.
LaTeX Font Info:    ... okay on input line 111.
LaTeX Font Info:    Checking defaults for OMS/cmsy/m/n on input line 111.
LaTeX Font Info:    ... okay on input line 111.
LaTeX Font Info:    Checking defaults for OT1/cmr/m/n on input line 111.
LaTeX Font Info:    ... okay on input line 111.
LaTeX Font Info:    Checking defaults for T1/cmr/m/n on input line 111.
LaTeX Font Info:    ... okay on input line 111.
LaTeX Font Info:    Checking defaults for TS1/cmr/m/n on input line 111.
LaTeX Font Info:    ... okay on input line 111.
LaTeX Font Info:    Checking defaults for OMX/cmex/m/n on input line 111.
LaTeX Font Info:    ... okay on input line 111.
LaTeX Font Info:    Checking defaults for U/cmr/m/n on input line 111.
LaTeX Font Info:    ... okay on input line 111.
LaTeX Font Info:    Checking defaults for PD1/pdf/m/n on input line 111.
LaTeX Font Info:    ... okay on input line 111.
LaTeX Font Info:    Checking defaults for PU/pdf/m/n on input line 111.
LaTeX Font Info:    ... okay on input line 111.
LaTeX Font Info:    Checking defaults for pmboxdraw/pmboxdraw/m/n on input line 111.
LaTeX Font Info:    ... okay on input line 111.
 (c:/texlive/2023/texmf-dist/tex/context/base/mkii/supp-pdf.mkii
[Loading MPS to PDF converter (version 2006.09.02).]
\scratchcounter=\count357
\scratchdimen=\dimen307
\scratchbox=\box82
\nofMPsegments=\count358
\nofMParguments=\count359
\everyMPshowfont=\toks42
\MPscratchCnt=\count360
\MPscratchDim=\dimen308
\MPnumerator=\count361
\makeMPintoPDFobject=\count362
\everyMPtoPDFconversion=\toks43
) (c:/texlive/2023/texmf-dist/tex/latex/epstopdf-pkg/epstopdf-base.sty
Package: epstopdf-base 2020-01-24 v2.11 Base part for package epstopdf
Package epstopdf-base Info: Redefining graphics rule for `.eps' on input line 485.
 (c:/texlive/2023/texmf-dist/tex/latex/latexconfig/epstopdf-sys.cfg
File: epstopdf-sys.cfg 2010/07/13 v1.3 Configuration of (r)epstopdf for TeX Live
))
Package caption Info: Begin \AtBeginDocument code.
Package caption Info: hyperref package is loaded.
Package caption Info: listings package is loaded.
Package caption Info: longtable package is loaded.
 (c:/texlive/2023/texmf-dist/tex/latex/caption/ltcaption.sty
Package: ltcaption 2021/01/08 v1.4c longtable captions (AR)
)
Package caption Info: End \AtBeginDocument code.

*geometry* driver: auto-detecting
*geometry* detected driver: pdftex
*geometry* verbose mode - [ preamble ] result:
* driver: pdftex
* paper: a4paper
* layout: <same size as paper>
* layoutoffset:(h,v)=(0.0pt,0.0pt)
* modes: 
* h-part:(L,W,R)=(85.35826pt, 426.79135pt, 85.35826pt)
* v-part:(T,H,B)=(99.58464pt, 645.87756pt, 99.58464pt)
* \paperwidth=597.50787pt
* \paperheight=845.04684pt
* \textwidth=426.79135pt
* \textheight=645.87756pt
* \oddsidemargin=13.08827pt
* \evensidemargin=13.08827pt
* \topmargin=-9.68535pt
* \headheight=12.0pt
* \headsep=25.0pt
* \topskip=10.0pt
* \footskip=30.0pt
* \marginparwidth=65.0pt
* \marginparsep=11.0pt
* \columnsep=10.0pt
* \skip\footins=9.0pt plus 4.0pt minus 2.0pt
* \hoffset=0.0pt
* \voffset=0.0pt
* \mag=1000
* \@twocolumnfalse
* \@twosidefalse
* \@mparswitchfalse
* \@reversemarginfalse
* (1in=72.27pt=25.4mm, 1cm=28.453pt)

Package hyperref Info: Link coloring OFF on input line 111.
(./main.out) (./main.out)
\@outlinefile=\write4
\openout4 = `main.out'.

 (c:/texlive/2023/texmf-dist/tex/latex/pdflscape/pdflscape.sty
Package: pdflscape 2022-10-27 v0.13 Display of landscape pages in PDF
 (c:/texlive/2023/texmf-dist/tex/latex/pdflscape/pdflscape-nometadata.sty
Package: pdflscape-nometadata 2022-10-28 v0.13 Display of landscape pages in PDF (HO)
 (c:/texlive/2023/texmf-dist/tex/latex/graphics/lscape.sty
Package: lscape 2020/05/28 v3.02 Landscape Pages (DPC)
)
Package pdflscape Info: Auto-detected driver: pdftex on input line 81.
))
\c@lstlisting=\count363
 (c:/texlive/2023/texmf-dist/tex/latex/base/inputenc.sty
Package: inputenc 2021/02/14 v1.3d Input encoding file
\inpenc@prehook=\toks44
\inpenc@posthook=\toks45
)
LaTeX Info: Redefining \celsius on input line 111.
Package gensymb Info: Faking symbols for \degree and \celsius on input line 111.


Package gensymb Warning: Not defining \perthousand.

LaTeX Info: Redefining \ohm on input line 111.
Package gensymb Info: Using \Omega for \ohm on input line 111.

Package gensymb Warning: Not defining \micro.

(c:/texlive/2023/texmf-dist/tex/latex/translations/translations-basic-dictionary-english.trsl
File: translations-basic-dictionary-english.trsl (english translation file `translations-basic-dictionary')
)
Package translations Info: loading dictionary `translations-basic-dictionary' for `english'. on input line 111.
<Images Document/Logo_portada.png, id=67, 1055.142pt x 123.46124pt>
File: Images Document/Logo_portada.png Graphic file (type png)
<use Images Document/Logo_portada.png>
Package pdftex.def Info: Images Document/Logo_portada.png  used on input line 116.
(pdftex.def)             Requested size: 469.47046pt x 54.9316pt.

Overfull \hbox (42.67911pt too wide) in paragraph at lines 116--116
 [] 
 []

[1

{c:/texlive/2023/texmf-var/fonts/map/pdftex/updmap/pdftex.map} <./Images Document/Logo_portada.png>] (./main.toc
LaTeX Font Info:    Trying to load font information for U+rsfs on input line 2.
 (c:/texlive/2023/texmf-dist/tex/latex/jknapltx/ursfs.fd
File: ursfs.fd 1998/03/24 rsfs font definition file (jk)
)
LaTeX Font Info:    Trying to load font information for U+msa on input line 2.
 (c:/texlive/2023/texmf-dist/tex/latex/amsfonts/umsa.fd
File: umsa.fd 2013/01/14 v3.01 AMS symbols A
)
LaTeX Font Info:    Trying to load font information for U+msb on input line 2.
 (c:/texlive/2023/texmf-dist/tex/latex/amsfonts/umsb.fd
File: umsb.fd 2013/01/14 v3.01 AMS symbols B
))
\tf@toc=\write5
\openout5 = `main.toc'.

<Images Document/logomuse2.png, id=92, 485.56406pt x 76.78688pt>
File: Images Document/logomuse2.png Graphic file (type png)
<use Images Document/logomuse2.png>
Package pdftex.def Info: Images Document/logomuse2.png  used on input line 158.
(pdftex.def)             Requested size: 143.9366pt x 22.76228pt.


Package fancyhdr Warning: \headheight is too small (16.07225pt): 
(fancyhdr)                Make it at least 26.36232pt, for example:
(fancyhdr)                \setlength{\headheight}{26.36232pt}.
(fancyhdr)                You might also make \topmargin smaller to compensate:
(fancyhdr)                \addtolength{\topmargin}{-10.29007pt}.

[1 <./Images Document/logomuse2.png>] (./Sections/Intro.tex
<Figures/Growth-of-orbital-space-object-including-space-debris-NASA-Orbital-Debris-program_W640.jpg, id=101, 215.1293pt x 152.27121pt>
File: Figures/Growth-of-orbital-space-object-including-space-debris-NASA-Orbital-Debris-program_W640.jpg Graphic file (type jpg)
<use Figures/Growth-of-orbital-space-object-including-space-debris-NASA-Orbital-Debris-program_W640.jpg>
Package pdftex.def Info: Figures/Growth-of-orbital-space-object-including-space-debris-NASA-Orbital-Debris-program_W640.jpg  used on input line 7.
(pdftex.def)             Requested size: 341.43437pt x 241.67557pt.
File: Images Document/logomuse2.png Graphic file (type png)
<use Images Document/logomuse2.png>
Package pdftex.def Info: Images Document/logomuse2.png  used on input line 24.
(pdftex.def)             Requested size: 143.9366pt x 22.76228pt.


Package fancyhdr Warning: \headheight is too small (16.07225pt): 
(fancyhdr)                Make it at least 26.36232pt, for example:
(fancyhdr)                \setlength{\headheight}{26.36232pt}.
(fancyhdr)                You might also make \topmargin smaller to compensate:
(fancyhdr)                \addtolength{\topmargin}{-10.29007pt}.

[1 <./Figures/Growth-of-orbital-space-object-including-space-debris-NASA-Orbital-Debris-program_W640.jpg>])
File: Images Document/logomuse2.png Graphic file (type png)
<use Images Document/logomuse2.png>
Package pdftex.def Info: Images Document/logomuse2.png  used on input line 163.
(pdftex.def)             Requested size: 143.9366pt x 22.76228pt.


Package fancyhdr Warning: \headheight is too small (16.07225pt): 
(fancyhdr)                Make it at least 26.36232pt, for example:
(fancyhdr)                \setlength{\headheight}{26.36232pt}.
(fancyhdr)                You might also make \topmargin smaller to compensate:
(fancyhdr)                \addtolength{\topmargin}{-10.29007pt}.

[2] (./Sections/EstruturaCode.tex
File: Images Document/logomuse2.png Graphic file (type png)
<use Images Document/logomuse2.png>
Package pdftex.def Info: Images Document/logomuse2.png  used on input line 26.
(pdftex.def)             Requested size: 143.9366pt x 22.76228pt.


Package fancyhdr Warning: \headheight is too small (16.07225pt): 
(fancyhdr)                Make it at least 26.36232pt, for example:
(fancyhdr)                \setlength{\headheight}{26.36232pt}.
(fancyhdr)                You might also make \topmargin smaller to compensate:
(fancyhdr)                \addtolength{\topmargin}{-10.29007pt}.

[3{c:/texlive/2023/texmf-dist/fonts/enc/dvips/cm-super/cm-super-ts1.enc}] (c:/texlive/2023/texmf-dist/tex/latex/listings/lstlang1.sty
File: lstlang1.sty 2023/02/27 1.9 listings language file
)
Package hyperref Info: bookmark level for unknown lstlisting defaults to 0 on input line 31.


Package natbib Warning: Citation `constellations' on page 4 undefined on input line 63.

<Figures/orbitas.png, id=120, 1074.0125pt x 709.65125pt>
File: Figures/orbitas.png Graphic file (type png)
<use Figures/orbitas.png>
Package pdftex.def Info: Figures/orbitas.png  used on input line 66.
(pdftex.def)             Requested size: 256.07741pt x 169.19362pt.
File: Images Document/logomuse2.png Graphic file (type png)
<use Images Document/logomuse2.png>
Package pdftex.def Info: Images Document/logomuse2.png  used on input line 70.
(pdftex.def)             Requested size: 143.9366pt x 22.76228pt.

Package fancyhdr Warning: \headheight is too small (16.07225pt): 
(fancyhdr)                Make it at least 26.36232pt, for example:
(fancyhdr)                \setlength{\headheight}{26.36232pt}.
(fancyhdr)                You might also make \topmargin smaller to compensate:
(fancyhdr)                \addtolength{\topmargin}{-10.29007pt}.

[4]

Package natbib Warning: Citation `ATH-BTH' on page 5 undefined on input line 74.

File: Images Document/logomuse2.png Graphic file (type png)
<use Images Document/logomuse2.png>
Package pdftex.def Info: Images Document/logomuse2.png  used on input line 97.
(pdftex.def)             Requested size: 143.9366pt x 22.76228pt.

Package fancyhdr Warning: \headheight is too small (16.07225pt): 
(fancyhdr)                Make it at least 26.36232pt, for example:
(fancyhdr)                \setlength{\headheight}{26.36232pt}.
(fancyhdr)                You might also make \topmargin smaller to compensate:
(fancyhdr)                \addtolength{\topmargin}{-10.29007pt}.

[5 <./Figures/orbitas.png>]
Underfull \hbox (badness 10000) in paragraph at lines 130--132

 []


Package natbib Warning: Citation `linares' on page 6 undefined on input line 146.

File: Images Document/logomuse2.png Graphic file (type png)
<use Images Document/logomuse2.png>
Package pdftex.def Info: Images Document/logomuse2.png  used on input line 147.
(pdftex.def)             Requested size: 143.9366pt x 22.76228pt.

Package fancyhdr Warning: \headheight is too small (16.07225pt): 
(fancyhdr)                Make it at least 26.36232pt, for example:
(fancyhdr)                \setlength{\headheight}{26.36232pt}.
(fancyhdr)                You might also make \topmargin smaller to compensate:
(fancyhdr)                \addtolength{\topmargin}{-10.29007pt}.

[6]

Package natbib Warning: Citation `EKF' on page 7 undefined on input line 148.


Package natbib Warning: Citation `UKF' on page 7 undefined on input line 148.


Package natbib Warning: Citation `ref:UKFvsEKF' on page 7 undefined on input line 155.

File: Images Document/logomuse2.png Graphic file (type png)
<use Images Document/logomuse2.png>
Package pdftex.def Info: Images Document/logomuse2.png  used on input line 175.
(pdftex.def)             Requested size: 143.9366pt x 22.76228pt.

Package fancyhdr Warning: \headheight is too small (16.07225pt): 
(fancyhdr)                Make it at least 26.36232pt, for example:
(fancyhdr)                \setlength{\headheight}{26.36232pt}.
(fancyhdr)                You might also make \topmargin smaller to compensate:
(fancyhdr)                \addtolength{\topmargin}{-10.29007pt}.

[7]

LaTeX Warning: Reference `sec:fotometria' on page 8 undefined on input line 196.

File: Images Document/logomuse2.png Graphic file (type png)
<use Images Document/logomuse2.png>
Package pdftex.def Info: Images Document/logomuse2.png  used on input line 197.
(pdftex.def)             Requested size: 143.9366pt x 22.76228pt.

Package fancyhdr Warning: \headheight is too small (16.07225pt): 
(fancyhdr)                Make it at least 26.36232pt, for example:
(fancyhdr)                \setlength{\headheight}{26.36232pt}.
(fancyhdr)                You might also make \topmargin smaller to compensate:
(fancyhdr)                \addtolength{\topmargin}{-10.29007pt}.

[8])
File: Images Document/logomuse2.png Graphic file (type png)
<use Images Document/logomuse2.png>
Package pdftex.def Info: Images Document/logomuse2.png  used on input line 165.
(pdftex.def)             Requested size: 143.9366pt x 22.76228pt.


Package fancyhdr Warning: \headheight is too small (16.07225pt): 
(fancyhdr)                Make it at least 26.36232pt, for example:
(fancyhdr)                \setlength{\headheight}{26.36232pt}.
(fancyhdr)                You might also make \topmargin smaller to compensate:
(fancyhdr)                \addtolength{\topmargin}{-10.29007pt}.

[9] (./Sections/Fotometria.tex
<Figures/Geom_reflexion.png, id=232, 578.16pt x 337.26pt>
File: Figures/Geom_reflexion.png Graphic file (type png)
<use Figures/Geom_reflexion.png>
Package pdftex.def Info: Figures/Geom_reflexion.png  used on input line 10.
(pdftex.def)             Requested size: 256.07741pt x 149.37776pt.
File: Images Document/logomuse2.png Graphic file (type png)
<use Images Document/logomuse2.png>
Package pdftex.def Info: Images Document/logomuse2.png  used on input line 27.
(pdftex.def)             Requested size: 143.9366pt x 22.76228pt.


Package fancyhdr Warning: \headheight is too small (16.07225pt): 
(fancyhdr)                Make it at least 26.36232pt, for example:
(fancyhdr)                \setlength{\headheight}{26.36232pt}.
(fancyhdr)                You might also make \topmargin smaller to compensate:
(fancyhdr)                \addtolength{\topmargin}{-10.29007pt}.

[10 <./Figures/Geom_reflexion.png>]

Package natbib Warning: Citation `Phong' on page 11 undefined on input line 31.

)
File: Images Document/logomuse2.png Graphic file (type png)
<use Images Document/logomuse2.png>
Package pdftex.def Info: Images Document/logomuse2.png  used on input line 167.
(pdftex.def)             Requested size: 143.9366pt x 22.76228pt.


Package fancyhdr Warning: \headheight is too small (16.07225pt): 
(fancyhdr)                Make it at least 26.36232pt, for example:
(fancyhdr)                \setlength{\headheight}{26.36232pt}.
(fancyhdr)                You might also make \topmargin smaller to compensate:
(fancyhdr)                \addtolength{\topmargin}{-10.29007pt}.

[11] (./Sections/Analysis.tex
<Figures/mapp-distance.png, id=259, 1445.4pt x 697.10437pt>
File: Figures/mapp-distance.png Graphic file (type png)
<use Figures/mapp-distance.png>
Package pdftex.def Info: Figures/mapp-distance.png  used on input line 28.
(pdftex.def)             Requested size: 426.79135pt x 205.83546pt.
<Figures/size-mapp.png, id=260, 1445.4pt x 697.10437pt>
File: Figures/size-mapp.png Graphic file (type png)
<use Figures/size-mapp.png>
Package pdftex.def Info: Figures/size-mapp.png  used on input line 34.
(pdftex.def)             Requested size: 426.79135pt x 205.83546pt.
File: Images Document/logomuse2.png Graphic file (type png)
<use Images Document/logomuse2.png>
Package pdftex.def Info: Images Document/logomuse2.png  used on input line 37.
(pdftex.def)             Requested size: 143.9366pt x 22.76228pt.


Package fancyhdr Warning: \headheight is too small (16.07225pt): 
(fancyhdr)                Make it at least 26.36232pt, for example:
(fancyhdr)                \setlength{\headheight}{26.36232pt}.
(fancyhdr)                You might also make \topmargin smaller to compensate:
(fancyhdr)                \addtolength{\topmargin}{-10.29007pt}.

[12]

Package natbib Warning: Citation `limmapp' on page 13 undefined on input line 39.

File: Images Document/logomuse2.png Graphic file (type png)
<use Images Document/logomuse2.png>
Package pdftex.def Info: Images Document/logomuse2.png  used on input line 45.
(pdftex.def)             Requested size: 143.9366pt x 22.76228pt.

Package fancyhdr Warning: \headheight is too small (16.07225pt): 
(fancyhdr)                Make it at least 26.36232pt, for example:
(fancyhdr)                \setlength{\headheight}{26.36232pt}.
(fancyhdr)                You might also make \topmargin smaller to compensate:
(fancyhdr)                \addtolength{\topmargin}{-10.29007pt}.

[13 <./Figures/mapp-distance.png (PNG copy)> <./Figures/size-mapp.png (PNG copy)>]
<Figures/anglesunRSO-mapp.png, id=278, 1445.4pt x 697.10437pt>
File: Figures/anglesunRSO-mapp.png Graphic file (type png)
<use Figures/anglesunRSO-mapp.png>
Package pdftex.def Info: Figures/anglesunRSO-mapp.png  used on input line 49.
(pdftex.def)             Requested size: 426.79135pt x 205.83546pt.
<Figures/date-mapp.png, id=281, 1445.4pt x 697.10437pt>
File: Figures/date-mapp.png Graphic file (type png)
<use Figures/date-mapp.png>
Package pdftex.def Info: Figures/date-mapp.png  used on input line 57.
(pdftex.def)             Requested size: 426.79135pt x 205.83546pt.
File: Images Document/logomuse2.png Graphic file (type png)
<use Images Document/logomuse2.png>
Package pdftex.def Info: Images Document/logomuse2.png  used on input line 61.
(pdftex.def)             Requested size: 143.9366pt x 22.76228pt.


Package fancyhdr Warning: \headheight is too small (16.07225pt): 
(fancyhdr)                Make it at least 26.36232pt, for example:
(fancyhdr)                \setlength{\headheight}{26.36232pt}.
(fancyhdr)                You might also make \topmargin smaller to compensate:
(fancyhdr)                \addtolength{\topmargin}{-10.29007pt}.

[14 <./Figures/anglesunRSO-mapp.png (PNG copy)>]
File: Images Document/logomuse2.png Graphic file (type png)
<use Images Document/logomuse2.png>
Package pdftex.def Info: Images Document/logomuse2.png  used on input line 95.
(pdftex.def)             Requested size: 143.9366pt x 22.76228pt.


Package fancyhdr Warning: \headheight is too small (16.07225pt): 
(fancyhdr)                Make it at least 26.36232pt, for example:
(fancyhdr)                \setlength{\headheight}{26.36232pt}.
(fancyhdr)                You might also make \topmargin smaller to compensate:
(fancyhdr)                \addtolength{\topmargin}{-10.29007pt}.

[15 <./Figures/date-mapp.png (PNG copy)>]
<Figures/T-tvis.png, id=298, 1445.4pt x 697.10437pt>
File: Figures/T-tvis.png Graphic file (type png)
<use Figures/T-tvis.png>
Package pdftex.def Info: Figures/T-tvis.png  used on input line 100.
(pdftex.def)             Requested size: 426.79135pt x 205.83546pt.
<Figures/percentage-orbit.png, id=299, 1445.4pt x 697.10437pt>
File: Figures/percentage-orbit.png Graphic file (type png)
<use Figures/percentage-orbit.png>
Package pdftex.def Info: Figures/percentage-orbit.png  used on input line 107.
(pdftex.def)             Requested size: 426.79135pt x 205.83546pt.
File: Images Document/logomuse2.png Graphic file (type png)
<use Images Document/logomuse2.png>
Package pdftex.def Info: Images Document/logomuse2.png  used on input line 113.
(pdftex.def)             Requested size: 143.9366pt x 22.76228pt.


Package fancyhdr Warning: \headheight is too small (16.07225pt): 
(fancyhdr)                Make it at least 26.36232pt, for example:
(fancyhdr)                \setlength{\headheight}{26.36232pt}.
(fancyhdr)                You might also make \topmargin smaller to compensate:
(fancyhdr)                \addtolength{\topmargin}{-10.29007pt}.

[16 <./Figures/T-tvis.png (PNG copy)> <./Figures/percentage-orbit.png (PNG copy)>]
<Figures/xy-error-5observers-50km.png, id=308, 1445.4pt x 718.93594pt>
File: Figures/xy-error-5observers-50km.png Graphic file (type png)
<use Figures/xy-error-5observers-50km.png>
Package pdftex.def Info: Figures/xy-error-5observers-50km.png  used on input line 120.
(pdftex.def)             Requested size: 426.79135pt x 212.28172pt.
<Figures/z-error-5observers-50km.png, id=309, 1445.4pt x 718.93594pt>
File: Figures/z-error-5observers-50km.png Graphic file (type png)
<use Figures/z-error-5observers-50km.png>
Package pdftex.def Info: Figures/z-error-5observers-50km.png  used on input line 126.
(pdftex.def)             Requested size: 426.79135pt x 212.28172pt.
<Figures/Vx-vy-error-5observers-50km.png, id=310, 1445.4pt x 718.93594pt>
File: Figures/Vx-vy-error-5observers-50km.png Graphic file (type png)
<use Figures/Vx-vy-error-5observers-50km.png>
Package pdftex.def Info: Figures/Vx-vy-error-5observers-50km.png  used on input line 132.
(pdftex.def)             Requested size: 426.79135pt x 212.28172pt.
<Figures/VZ_error-5observers-50km.png, id=311, 1445.4pt x 718.93594pt>
File: Figures/VZ_error-5observers-50km.png Graphic file (type png)
<use Figures/VZ_error-5observers-50km.png>
Package pdftex.def Info: Figures/VZ_error-5observers-50km.png  used on input line 138.
(pdftex.def)             Requested size: 426.79135pt x 212.28172pt.
File: Images Document/logomuse2.png Graphic file (type png)
<use Images Document/logomuse2.png>
Package pdftex.def Info: Images Document/logomuse2.png  used on input line 141.
(pdftex.def)             Requested size: 143.9366pt x 22.76228pt.


Package fancyhdr Warning: \headheight is too small (16.07225pt): 
(fancyhdr)                Make it at least 26.36232pt, for example:
(fancyhdr)                \setlength{\headheight}{26.36232pt}.
(fancyhdr)                You might also make \topmargin smaller to compensate:
(fancyhdr)                \addtolength{\topmargin}{-10.29007pt}.

[17 <./Figures/xy-error-5observers-50km.png (PNG copy)> <./Figures/z-error-5observers-50km.png (PNG copy)>]
<Figures/xy-error-5observers-250km.png, id=319, 1445.4pt x 718.93594pt>
File: Figures/xy-error-5observers-250km.png Graphic file (type png)
<use Figures/xy-error-5observers-250km.png>
Package pdftex.def Info: Figures/xy-error-5observers-250km.png  used on input line 147.
(pdftex.def)             Requested size: 426.79135pt x 212.28172pt.
<Figures/z-error-5observers-250km.png, id=320, 1445.4pt x 718.93594pt>
File: Figures/z-error-5observers-250km.png Graphic file (type png)
<use Figures/z-error-5observers-250km.png>
Package pdftex.def Info: Figures/z-error-5observers-250km.png  used on input line 153.
(pdftex.def)             Requested size: 426.79135pt x 212.28172pt.
File: Images Document/logomuse2.png Graphic file (type png)
<use Images Document/logomuse2.png>
Package pdftex.def Info: Images Document/logomuse2.png  used on input line 156.
(pdftex.def)             Requested size: 143.9366pt x 22.76228pt.


Package fancyhdr Warning: \headheight is too small (16.07225pt): 
(fancyhdr)                Make it at least 26.36232pt, for example:
(fancyhdr)                \setlength{\headheight}{26.36232pt}.
(fancyhdr)                You might also make \topmargin smaller to compensate:
(fancyhdr)                \addtolength{\topmargin}{-10.29007pt}.

[18 <./Figures/Vx-vy-error-5observers-50km.png (PNG copy)> <./Figures/VZ_error-5observers-50km.png (PNG copy)>]
<Figures/Vx-vy-error-5observers-250km.png, id=327, 1445.4pt x 718.93594pt>
File: Figures/Vx-vy-error-5observers-250km.png Graphic file (type png)
<use Figures/Vx-vy-error-5observers-250km.png>
Package pdftex.def Info: Figures/Vx-vy-error-5observers-250km.png  used on input line 159.
(pdftex.def)             Requested size: 426.79135pt x 212.28172pt.
<Figures/VZ_error-5observers-250km.png, id=328, 1445.4pt x 718.93594pt>
File: Figures/VZ_error-5observers-250km.png Graphic file (type png)
<use Figures/VZ_error-5observers-250km.png>
Package pdftex.def Info: Figures/VZ_error-5observers-250km.png  used on input line 165.
(pdftex.def)             Requested size: 426.79135pt x 212.28172pt.
File: Images Document/logomuse2.png Graphic file (type png)
<use Images Document/logomuse2.png>
Package pdftex.def Info: Images Document/logomuse2.png  used on input line 168.
(pdftex.def)             Requested size: 143.9366pt x 22.76228pt.


Package fancyhdr Warning: \headheight is too small (16.07225pt): 
(fancyhdr)                Make it at least 26.36232pt, for example:
(fancyhdr)                \setlength{\headheight}{26.36232pt}.
(fancyhdr)                You might also make \topmargin smaller to compensate:
(fancyhdr)                \addtolength{\topmargin}{-10.29007pt}.

[19 <./Figures/xy-error-5observers-250km.png (PNG copy)> <./Figures/z-error-5observers-250km.png (PNG copy)>]
<Figures/xy-error-50km-1obs.png, id=335, 1445.4pt x 718.93594pt>
File: Figures/xy-error-50km-1obs.png Graphic file (type png)
<use Figures/xy-error-50km-1obs.png>
Package pdftex.def Info: Figures/xy-error-50km-1obs.png  used on input line 174.
(pdftex.def)             Requested size: 426.79135pt x 212.28172pt.
<Figures/z-error-50km-1obs.png, id=336, 1445.4pt x 718.93594pt>
File: Figures/z-error-50km-1obs.png Graphic file (type png)
<use Figures/z-error-50km-1obs.png>
Package pdftex.def Info: Figures/z-error-50km-1obs.png  used on input line 180.
(pdftex.def)             Requested size: 426.79135pt x 212.28172pt.
File: Images Document/logomuse2.png Graphic file (type png)
<use Images Document/logomuse2.png>
Package pdftex.def Info: Images Document/logomuse2.png  used on input line 183.
(pdftex.def)             Requested size: 143.9366pt x 22.76228pt.


Package fancyhdr Warning: \headheight is too small (16.07225pt): 
(fancyhdr)                Make it at least 26.36232pt, for example:
(fancyhdr)                \setlength{\headheight}{26.36232pt}.
(fancyhdr)                You might also make \topmargin smaller to compensate:
(fancyhdr)                \addtolength{\topmargin}{-10.29007pt}.

[20 <./Figures/Vx-vy-error-5observers-250km.png (PNG copy)> <./Figures/VZ_error-5observers-250km.png (PNG copy)>]
<Figures/Vx-vy-error-50km-1obs.png, id=343, 1445.4pt x 718.93594pt>
File: Figures/Vx-vy-error-50km-1obs.png Graphic file (type png)
<use Figures/Vx-vy-error-50km-1obs.png>
Package pdftex.def Info: Figures/Vx-vy-error-50km-1obs.png  used on input line 186.
(pdftex.def)             Requested size: 426.79135pt x 212.28172pt.
<Figures/VZ_error-50km-1obs.png, id=344, 1445.4pt x 718.93594pt>
File: Figures/VZ_error-50km-1obs.png Graphic file (type png)
<use Figures/VZ_error-50km-1obs.png>
Package pdftex.def Info: Figures/VZ_error-50km-1obs.png  used on input line 192.
(pdftex.def)             Requested size: 426.79135pt x 212.28172pt.
File: Images Document/logomuse2.png Graphic file (type png)
<use Images Document/logomuse2.png>
Package pdftex.def Info: Images Document/logomuse2.png  used on input line 195.
(pdftex.def)             Requested size: 143.9366pt x 22.76228pt.


Package fancyhdr Warning: \headheight is too small (16.07225pt): 
(fancyhdr)                Make it at least 26.36232pt, for example:
(fancyhdr)                \setlength{\headheight}{26.36232pt}.
(fancyhdr)                You might also make \topmargin smaller to compensate:
(fancyhdr)                \addtolength{\topmargin}{-10.29007pt}.

[21 <./Figures/xy-error-50km-1obs.png (PNG copy)> <./Figures/z-error-50km-1obs.png (PNG copy)>]
<Figures/xy-error-1observers-250km.png, id=351, 1445.4pt x 718.93594pt>
File: Figures/xy-error-1observers-250km.png Graphic file (type png)
<use Figures/xy-error-1observers-250km.png>
Package pdftex.def Info: Figures/xy-error-1observers-250km.png  used on input line 201.
(pdftex.def)             Requested size: 426.79135pt x 212.28172pt.
<Figures/z-error-1observers-250km.png, id=352, 1445.4pt x 718.93594pt>
File: Figures/z-error-1observers-250km.png Graphic file (type png)
<use Figures/z-error-1observers-250km.png>
Package pdftex.def Info: Figures/z-error-1observers-250km.png  used on input line 207.
(pdftex.def)             Requested size: 426.79135pt x 212.28172pt.
File: Images Document/logomuse2.png Graphic file (type png)
<use Images Document/logomuse2.png>
Package pdftex.def Info: Images Document/logomuse2.png  used on input line 210.
(pdftex.def)             Requested size: 143.9366pt x 22.76228pt.


Package fancyhdr Warning: \headheight is too small (16.07225pt): 
(fancyhdr)                Make it at least 26.36232pt, for example:
(fancyhdr)                \setlength{\headheight}{26.36232pt}.
(fancyhdr)                You might also make \topmargin smaller to compensate:
(fancyhdr)                \addtolength{\topmargin}{-10.29007pt}.

[22 <./Figures/Vx-vy-error-50km-1obs.png (PNG copy)> <./Figures/VZ_error-50km-1obs.png (PNG copy)>]
<Figures/Vx-vy-error--250km-1obs.png, id=359, 1445.4pt x 718.93594pt>
File: Figures/Vx-vy-error--250km-1obs.png Graphic file (type png)
<use Figures/Vx-vy-error--250km-1obs.png>
Package pdftex.def Info: Figures/Vx-vy-error--250km-1obs.png  used on input line 213.
(pdftex.def)             Requested size: 426.79135pt x 212.28172pt.
<Figures/VZ_error--250km-1obs.png, id=360, 1445.4pt x 718.93594pt>
File: Figures/VZ_error--250km-1obs.png Graphic file (type png)
<use Figures/VZ_error--250km-1obs.png>
Package pdftex.def Info: Figures/VZ_error--250km-1obs.png  used on input line 219.
(pdftex.def)             Requested size: 426.79135pt x 212.28172pt.
File: Images Document/logomuse2.png Graphic file (type png)
<use Images Document/logomuse2.png>
Package pdftex.def Info: Images Document/logomuse2.png  used on input line 222.
(pdftex.def)             Requested size: 143.9366pt x 22.76228pt.


Package fancyhdr Warning: \headheight is too small (16.07225pt): 
(fancyhdr)                Make it at least 26.36232pt, for example:
(fancyhdr)                \setlength{\headheight}{26.36232pt}.
(fancyhdr)                You might also make \topmargin smaller to compensate:
(fancyhdr)                \addtolength{\topmargin}{-10.29007pt}.

[23 <./Figures/xy-error-1observers-250km.png (PNG copy)> <./Figures/z-error-1observers-250km.png (PNG copy)>]
<Figures/RMSEvsIterations.png, id=368, 1445.4pt x 718.93594pt>
File: Figures/RMSEvsIterations.png Graphic file (type png)
<use Figures/RMSEvsIterations.png>
Package pdftex.def Info: Figures/RMSEvsIterations.png  used on input line 226.
(pdftex.def)             Requested size: 433.62335pt x 215.68245pt.

Overfull \hbox (220.22768pt too wide) in paragraph at lines 226--227
[][] 
 []

<Figures/RMSEvsIterations-5observers-250km.png, id=369, 1445.4pt x 718.93594pt>
File: Figures/RMSEvsIterations-5observers-250km.png Graphic file (type png)
<use Figures/RMSEvsIterations-5observers-250km.png>
Package pdftex.def Info: Figures/RMSEvsIterations-5observers-250km.png  used on input line 230.
(pdftex.def)             Requested size: 433.62335pt x 215.68245pt.

Overfull \hbox (220.22768pt too wide) in paragraph at lines 230--231
[][] 
 []


Overfull \hbox (2.22221pt too wide) in paragraph at lines 225--233
[][] [] 
 []

File: Images Document/logomuse2.png Graphic file (type png)
<use Images Document/logomuse2.png>
Package pdftex.def Info: Images Document/logomuse2.png  used on input line 236.
(pdftex.def)             Requested size: 143.9366pt x 22.76228pt.

Package fancyhdr Warning: \headheight is too small (16.07225pt): 
(fancyhdr)                Make it at least 26.36232pt, for example:
(fancyhdr)                \setlength{\headheight}{26.36232pt}.
(fancyhdr)                You might also make \topmargin smaller to compensate:
(fancyhdr)                \addtolength{\topmargin}{-10.29007pt}.

[24 <./Figures/Vx-vy-error--250km-1obs.png (PNG copy)> <./Figures/VZ_error--250km-1obs.png (PNG copy)>]
<Figures/RMSEvsIterations-50km-1obs.png, id=376, 1445.4pt x 718.93594pt>
File: Figures/RMSEvsIterations-50km-1obs.png Graphic file (type png)
<use Figures/RMSEvsIterations-50km-1obs.png>
Package pdftex.def Info: Figures/RMSEvsIterations-50km-1obs.png  used on input line 239.
(pdftex.def)             Requested size: 433.62335pt x 215.68245pt.

Overfull \hbox (220.22768pt too wide) in paragraph at lines 239--240
[][] 
 []

<Figures/RMSEvsIterations-250km-1obs.png, id=377, 1445.4pt x 718.93594pt>
File: Figures/RMSEvsIterations-250km-1obs.png Graphic file (type png)
<use Figures/RMSEvsIterations-250km-1obs.png>
Package pdftex.def Info: Figures/RMSEvsIterations-250km-1obs.png  used on input line 243.
(pdftex.def)             Requested size: 433.62335pt x 215.68245pt.

Overfull \hbox (220.22768pt too wide) in paragraph at lines 243--244
[][] 
 []


Overfull \hbox (2.22221pt too wide) in paragraph at lines 238--246
[][] [] 
 []

)
File: Images Document/logomuse2.png Graphic file (type png)
<use Images Document/logomuse2.png>
Package pdftex.def Info: Images Document/logomuse2.png  used on input line 171.
(pdftex.def)             Requested size: 143.9366pt x 22.76228pt.


Package fancyhdr Warning: \headheight is too small (16.07225pt): 
(fancyhdr)                Make it at least 26.36232pt, for example:
(fancyhdr)                \setlength{\headheight}{26.36232pt}.
(fancyhdr)                You might also make \topmargin smaller to compensate:
(fancyhdr)                \addtolength{\topmargin}{-10.29007pt}.

[25 <./Figures/RMSEvsIterations.png (PNG copy)> <./Figures/RMSEvsIterations-5observers-250km.png (PNG copy)> <./Figures/RMSEvsIterations-50km-1obs.png (PNG copy)> <./Figures/RMSEvsIterations-250km-1obs.png (PNG copy)>] (./main.bbl)

Package natbib Warning: There were undefined citations.

(./main.aux)

LaTeX Warning: There were undefined references.

Package rerunfilecheck Info: File `main.out' has not changed.
(rerunfilecheck)             Checksum: 2D0D812F228A9D47E5EFA0AA4BA04E1E;2931.
 ) 
Here is how much of TeX's memory you used:
 25149 strings out of 476047
 470258 string characters out of 5794245
 1990242 words of memory out of 5000000
 44966 multiletter control sequences out of 15000+600000
 525170 words of font info for 81 fonts, out of 8000000 for 9000
 1141 hyphenation exceptions out of 8191
 94i,16n,92p,1193b,2515s stack positions out of 10000i,1000n,20000p,200000b,200000s
<c:/texlive/2023/texmf-dist/fonts/type1/public/amsfonts/cm/cmbx10.pfb><c:/texlive/2023/texmf-dist/fonts/type1/public/amsfonts/cm/cmbx12.pfb><c:/texlive/2023/texmf-dist/fonts/type1/public/amsfonts/cm/cmbx7.pfb><c:/texlive/2023/texmf-dist/fonts/type1/public/amsfonts/cm/cmbxti10.pfb><c:/texlive/2023/texmf-dist/fonts/type1/public/amsfonts/cm/cmex10.pfb><c:/texlive/2023/texmf-dist/fonts/type1/public/amsfonts/cm/cmmi10.pfb><c:/texlive/2023/texmf-dist/fonts/type1/public/amsfonts/cm/cmmi5.pfb><c:/texlive/2023/texmf-dist/fonts/type1/public/amsfonts/cm/cmmi7.pfb><c:/texlive/2023/texmf-dist/fonts/type1/public/amsfonts/cm/cmmib10.pfb><c:/texlive/2023/texmf-dist/fonts/type1/public/amsfonts/cmextra/cmmib7.pfb><c:/texlive/2023/texmf-dist/fonts/type1/public/amsfonts/cm/cmr10.pfb><c:/texlive/2023/texmf-dist/fonts/type1/public/amsfonts/cm/cmr12.pfb><c:/texlive/2023/texmf-dist/fonts/type1/public/amsfonts/cm/cmr5.pfb><c:/texlive/2023/texmf-dist/fonts/type1/public/amsfonts/cm/cmr6.pfb><c:/texlive/2023/texmf-dist/fonts/type1/public/amsfonts/cm/cmr7.pfb><c:/texlive/2023/texmf-dist/fonts/type1/public/amsfonts/cm/cmr8.pfb><c:/texlive/2023/texmf-dist/fonts/type1/public/amsfonts/cm/cmr9.pfb><c:/texlive/2023/texmf-dist/fonts/type1/public/amsfonts/cm/cmsy10.pfb><c:/texlive/2023/texmf-dist/fonts/type1/public/amsfonts/cm/cmsy7.pfb><c:/texlive/2023/texmf-dist/fonts/type1/public/amsfonts/cm/cmti10.pfb><c:/texlive/2023/texmf-dist/fonts/type1/public/amsfonts/cm/cmtt8.pfb><c:/texlive/2023/texmf-dist/fonts/type1/public/cm-super/sfrm1000.pfb>
Output written on main.pdf (27 pages, 2069803 bytes).
PDF statistics:
 512 PDF objects out of 1000 (max. 8388607)
 400 compressed objects within 4 object streams
 152 named destinations out of 1000 (max. 500000)
 288 words of extra memory for PDF output out of 10000 (max. 10000000)

